This is pdfTeX, Version 3.14159265-2.6-1.40.17 (MiKTeX 2.9 64-bit) (preloaded format=pdflatex 2018.1.28)  21 FEB 2018 10:55
entering extended mode
**./assignment3.tex
(assignment3.tex
LaTeX2e <2016/03/31> patch level 1
Babel <3.9r> and hyphenation patterns for 75 language(s) loaded.
("C:\Program Files\MiKTeX 2.9\tex\latex\base\article.cls"
Document Class: article 2014/09/29 v1.4h Standard LaTeX document class
("C:\Program Files\MiKTeX 2.9\tex\latex\base\size11.clo"
File: size11.clo 2014/09/29 v1.4h Standard LaTeX file (size option)
)
\c@part=\count79
\c@section=\count80
\c@subsection=\count81
\c@subsubsection=\count82
\c@paragraph=\count83
\c@subparagraph=\count84
\c@figure=\count85
\c@table=\count86
\abovecaptionskip=\skip41
\belowcaptionskip=\skip42
\bibindent=\dimen102
)
("C:\Program Files\MiKTeX 2.9\tex\latex\graphics\graphicx.sty"
Package: graphicx 2014/10/28 v1.0g Enhanced LaTeX Graphics (DPC,SPQR)

("C:\Program Files\MiKTeX 2.9\tex\latex\graphics\keyval.sty"
Package: keyval 2014/10/28 v1.15 key=value parser (DPC)
\KV@toks@=\toks14
)
("C:\Program Files\MiKTeX 2.9\tex\latex\graphics\graphics.sty"
Package: graphics 2016/06/02 v1.0s Standard LaTeX Graphics (DPC,SPQR)

("C:\Program Files\MiKTeX 2.9\tex\latex\graphics\trig.sty"
Package: trig 2016/01/03 v1.10 sin cos tan (DPC)
)
("C:\Program Files\MiKTeX 2.9\tex\latex\00miktex\graphics.cfg"
File: graphics.cfg 2016/06/04 v1.11 sample graphics configuration
)
Package graphics Info: Driver file: pdftex.def on input line 99.

("C:\Program Files\MiKTeX 2.9\tex\latex\pdftex-def\pdftex.def"
File: pdftex.def 2016/06/17 v0.06h Graphics/color for pdfTeX

("C:\Program Files\MiKTeX 2.9\tex\generic\oberdiek\infwarerr.sty"
Package: infwarerr 2016/05/16 v1.4 Providing info/warning/error messages (HO)
)
("C:\Program Files\MiKTeX 2.9\tex\generic\oberdiek\ltxcmds.sty"
Package: ltxcmds 2016/05/16 v1.23 LaTeX kernel commands for general use (HO)
)
\Gread@gobject=\count87
))
\Gin@req@height=\dimen103
\Gin@req@width=\dimen104
)
(\\cifs-ecs.cs.odu.edu\Grad\cmuthyal\win_user_profile\AppData\MiKTeX\2.9\tex\la
tex\listings\listings.sty
\lst@mode=\count88
\lst@gtempboxa=\box26
\lst@token=\toks15
\lst@length=\count89
\lst@currlwidth=\dimen105
\lst@column=\count90
\lst@pos=\count91
\lst@lostspace=\dimen106
\lst@width=\dimen107
\lst@newlines=\count92
\lst@lineno=\count93
\lst@maxwidth=\dimen108

(\\cifs-ecs.cs.odu.edu\Grad\cmuthyal\win_user_profile\AppData\MiKTeX\2.9\tex\la
tex\listings\lstmisc.sty
File: lstmisc.sty 2015/06/04 1.6 (Carsten Heinz)
\c@lstnumber=\count94
\lst@skipnumbers=\count95
\lst@framebox=\box27
)
(\\cifs-ecs.cs.odu.edu\Grad\cmuthyal\win_user_profile\AppData\MiKTeX\2.9\tex\la
tex\listings\listings.cfg
File: listings.cfg 2015/06/04 1.6 listings configuration
))
Package: listings 2015/06/04 1.6 (Carsten Heinz)

(\\cifs-ecs.cs.odu.edu\Grad\cmuthyal\win_user_profile\AppData\MiKTeX\2.9\tex\ge
neric\genmisc\nth.sty
Package: nth 2002/02/27
)
(\\cifs-ecs.cs.odu.edu\Grad\cmuthyal\win_user_profile\AppData\MiKTeX\2.9\tex\la
tex\url\url.sty
\Urlmuskip=\muskip10
Package: url 2013/09/16  ver 3.4  Verb mode for urls, etc.
) ("C:\Program Files\MiKTeX 2.9\tex\latex\hyperref\hyperref.sty"
Package: hyperref 2016/05/21 v6.83p Hypertext links for LaTeX
("C:\Program Files\MiKTeX 2.9\tex\generic\oberdiek\hobsub-hyperref.sty"
Package: hobsub-hyperref 2016/05/16 v1.14 Bundle oberdiek, subset hyperref (HO)


("C:\Program Files\MiKTeX 2.9\tex\generic\oberdiek\hobsub-generic.sty"
Package: hobsub-generic 2016/05/16 v1.14 Bundle oberdiek, subset generic (HO)
Package: hobsub 2016/05/16 v1.14 Construct package bundles (HO)
Package hobsub Info: Skipping package `infwarerr' (already loaded).
Package hobsub Info: Skipping package `ltxcmds' (already loaded).
Package: ifluatex 2016/05/16 v1.4 Provides the ifluatex switch (HO)
Package ifluatex Info: LuaTeX not detected.
Package: ifvtex 2016/05/16 v1.6 Detect VTeX and its facilities (HO)
Package ifvtex Info: VTeX not detected.
Package: intcalc 2016/05/16 v1.2 Expandable calculations with integers (HO)
Package: ifpdf 2016/05/14 v3.1 Provides the ifpdf switch
Package: etexcmds 2016/05/16 v1.6 Avoid name clashes with e-TeX commands (HO)
Package etexcmds Info: Could not find \expanded.
(etexcmds)             That can mean that you are not using pdfTeX 1.50 or
(etexcmds)             that some package has redefined \expanded.
(etexcmds)             In the latter case, load this package earlier.
Package: kvsetkeys 2016/05/16 v1.17 Key value parser (HO)
Package: kvdefinekeys 2016/05/16 v1.4 Define keys (HO)
Package: pdftexcmds 2016/05/21 v0.22 Utility functions of pdfTeX for LuaTeX (HO
)
Package pdftexcmds Info: LuaTeX not detected.
Package pdftexcmds Info: \pdf@primitive is available.
Package pdftexcmds Info: \pdf@ifprimitive is available.
Package pdftexcmds Info: \pdfdraftmode found.
Package: pdfescape 2016/05/16 v1.14 Implements pdfTeX's escape features (HO)
Package: bigintcalc 2016/05/16 v1.4 Expandable calculations on big integers (HO
)
Package: bitset 2016/05/16 v1.2 Handle bit-vector datatype (HO)
Package: uniquecounter 2016/05/16 v1.3 Provide unlimited unique counter (HO)
)
Package hobsub Info: Skipping package `hobsub' (already loaded).
Package: letltxmacro 2016/05/16 v1.5 Let assignment for LaTeX macros (HO)
Package: hopatch 2016/05/16 v1.3 Wrapper for package hooks (HO)
Package: xcolor-patch 2016/05/16 xcolor patch
Package: atveryend 2016/05/16 v1.9 Hooks at the very end of document (HO)
Package atveryend Info: \enddocument detected (standard20110627).
Package: atbegshi 2016/06/09 v1.18 At begin shipout hook (HO)
Package: refcount 2016/05/16 v3.5 Data extraction from label references (HO)
Package: hycolor 2016/05/16 v1.8 Color options for hyperref/bookmark (HO)
)
("C:\Program Files\MiKTeX 2.9\tex\generic\ifxetex\ifxetex.sty"
Package: ifxetex 2010/09/12 v0.6 Provides ifxetex conditional
)
("C:\Program Files\MiKTeX 2.9\tex\latex\oberdiek\auxhook.sty"
Package: auxhook 2016/05/16 v1.4 Hooks for auxiliary files (HO)
)
("C:\Program Files\MiKTeX 2.9\tex\latex\oberdiek\kvoptions.sty"
Package: kvoptions 2016/05/16 v3.12 Key value format for package options (HO)
)
\@linkdim=\dimen109
\Hy@linkcounter=\count96
\Hy@pagecounter=\count97

("C:\Program Files\MiKTeX 2.9\tex\latex\hyperref\pd1enc.def"
File: pd1enc.def 2016/05/21 v6.83p Hyperref: PDFDocEncoding definition (HO)
)
\Hy@SavedSpaceFactor=\count98

("C:\Program Files\MiKTeX 2.9\tex\latex\00miktex\hyperref.cfg"
File: hyperref.cfg 2002/06/06 v1.2 hyperref configuration of TeXLive
)
Package hyperref Info: Hyper figures OFF on input line 4486.
Package hyperref Info: Link nesting OFF on input line 4491.
Package hyperref Info: Hyper index ON on input line 4494.
Package hyperref Info: Plain pages OFF on input line 4501.
Package hyperref Info: Backreferencing OFF on input line 4506.
Package hyperref Info: Implicit mode ON; LaTeX internals redefined.
Package hyperref Info: Bookmarks ON on input line 4735.
\c@Hy@tempcnt=\count99
LaTeX Info: Redefining \url on input line 5088.
\XeTeXLinkMargin=\dimen110
\Fld@menulength=\count100
\Field@Width=\dimen111
\Fld@charsize=\dimen112
Package hyperref Info: Hyper figures OFF on input line 6342.
Package hyperref Info: Link nesting OFF on input line 6347.
Package hyperref Info: Hyper index ON on input line 6350.
Package hyperref Info: backreferencing OFF on input line 6357.
Package hyperref Info: Link coloring OFF on input line 6362.
Package hyperref Info: Link coloring with OCG OFF on input line 6367.
Package hyperref Info: PDF/A mode OFF on input line 6372.
LaTeX Info: Redefining \ref on input line 6412.
LaTeX Info: Redefining \pageref on input line 6416.
\Hy@abspage=\count101
\c@Item=\count102
\c@Hfootnote=\count103
)

Package hyperref Message: Driver (autodetected): hpdftex.

("C:\Program Files\MiKTeX 2.9\tex\latex\hyperref\hpdftex.def"
File: hpdftex.def 2016/05/21 v6.83p Hyperref driver for pdfTeX
\Fld@listcount=\count104
\c@bookmark@seq@number=\count105

("C:\Program Files\MiKTeX 2.9\tex\latex\oberdiek\rerunfilecheck.sty"
Package: rerunfilecheck 2016/05/16 v1.8 Rerun checks for auxiliary files (HO)
Package uniquecounter Info: New unique counter `rerunfilecheck' on input line 2
82.
)
\Hy@SectionHShift=\skip43
)
("C:\Program Files\MiKTeX 2.9\tex\latex\amsmath\amsmath.sty"
Package: amsmath 2016/03/10 v2.15b AMS math features
\@mathmargin=\skip44

For additional information on amsmath, use the `?' option.
("C:\Program Files\MiKTeX 2.9\tex\latex\amsmath\amstext.sty"
Package: amstext 2000/06/29 v2.01 AMS text

("C:\Program Files\MiKTeX 2.9\tex\latex\amsmath\amsgen.sty"
File: amsgen.sty 1999/11/30 v2.0 generic functions
\@emptytoks=\toks16
\ex@=\dimen113
))
("C:\Program Files\MiKTeX 2.9\tex\latex\amsmath\amsbsy.sty"
Package: amsbsy 1999/11/29 v1.2d Bold Symbols
\pmbraise@=\dimen114
)
("C:\Program Files\MiKTeX 2.9\tex\latex\amsmath\amsopn.sty"
Package: amsopn 2016/03/08 v2.02 operator names
)
\inf@bad=\count106
LaTeX Info: Redefining \frac on input line 199.
\uproot@=\count107
\leftroot@=\count108
LaTeX Info: Redefining \overline on input line 297.
\classnum@=\count109
\DOTSCASE@=\count110
LaTeX Info: Redefining \ldots on input line 394.
LaTeX Info: Redefining \dots on input line 397.
LaTeX Info: Redefining \cdots on input line 518.
\Mathstrutbox@=\box28
\strutbox@=\box29
\big@size=\dimen115
LaTeX Font Info:    Redeclaring font encoding OML on input line 634.
LaTeX Font Info:    Redeclaring font encoding OMS on input line 635.
\macc@depth=\count111
\c@MaxMatrixCols=\count112
\dotsspace@=\muskip11
\c@parentequation=\count113
\dspbrk@lvl=\count114
\tag@help=\toks17
\row@=\count115
\column@=\count116
\maxfields@=\count117
\andhelp@=\toks18
\eqnshift@=\dimen116
\alignsep@=\dimen117
\tagshift@=\dimen118
\tagwidth@=\dimen119
\totwidth@=\dimen120
\lineht@=\dimen121
\@envbody=\toks19
\multlinegap=\skip45
\multlinetaggap=\skip46
\mathdisplay@stack=\toks20
LaTeX Info: Redefining \[ on input line 2739.
LaTeX Info: Redefining \] on input line 2740.
)
(\\cifs-ecs.cs.odu.edu\Grad\cmuthyal\win_user_profile\AppData\MiKTeX\2.9\tex\la
tex\cancel\cancel.sty
Package: cancel 2013/04/12 v2.2 Cancel math terms
)
(\\cifs-ecs.cs.odu.edu\Grad\cmuthyal\win_user_profile\AppData\MiKTeX\2.9\tex\la
tex\xcolor\xcolor.sty
Package: xcolor 2016/05/11 v2.12 LaTeX color extensions (UK)
 ("C:\Program Files\MiKTeX 2.9\tex\latex\00miktex\color.cfg"
File: color.cfg 2016/01/02 v1.6 sample color configuration
)
Package xcolor Info: Driver file: pdftex.def on input line 225.

(\\cifs-ecs.cs.odu.edu\Grad\cmuthyal\win_user_profile\AppData\MiKTeX\2.9\tex\la
tex\colortbl\colortbl.sty
Package: colortbl 2012/02/13 v1.0a Color table columns (DPC)

("C:\Program Files\MiKTeX 2.9\tex\latex\tools\array.sty"
Package: array 2014/10/28 v2.4c Tabular extension package (FMi)
\col@sep=\dimen122
\extrarowheight=\dimen123
\NC@list=\toks21
\extratabsurround=\skip47
\backup@length=\skip48
)
\everycr=\toks22
\minrowclearance=\skip49
)
\rownum=\count118
Package xcolor Info: Model `cmy' substituted by `cmy0' on input line 1348.
Package xcolor Info: Model `hsb' substituted by `rgb' on input line 1352.
Package xcolor Info: Model `RGB' extended on input line 1364.
Package xcolor Info: Model `HTML' substituted by `rgb' on input line 1366.
Package xcolor Info: Model `Hsb' substituted by `hsb' on input line 1367.
Package xcolor Info: Model `tHsb' substituted by `hsb' on input line 1368.
Package xcolor Info: Model `HSB' substituted by `hsb' on input line 1369.
Package xcolor Info: Model `Gray' substituted by `gray' on input line 1370.
Package xcolor Info: Model `wave' substituted by `hsb' on input line 1371.
)
(\\cifs-ecs.cs.odu.edu\Grad\cmuthyal\win_user_profile\AppData\MiKTeX\2.9\tex\la
tex\comment\comment.sty
\CommentStream=\write3
 Excluding comment 'comment')
("C:\Program Files\MiKTeX 2.9\tex\latex\oberdiek\grffile.sty"
Package: grffile 2016/05/16 v1.17 Extended file name support for graphics (HO)
Package grffile Info: Option `multidot' is set to `true'.
Package grffile Info: Option `extendedchars' is set to `false'.
Package grffile Info: Option `space' is set to `true'.
Package grffile Info: \Gin@ii of package `graphicx' fixed on input line 486.
)
(\\cifs-ecs.cs.odu.edu\Grad\cmuthyal\win_user_profile\AppData\MiKTeX\2.9\tex\la
tex\csvsimple\csvsimple.sty
Package: csvsimple 2016/07/01 version 1.20 LaTeX CSV file processing

(\\cifs-ecs.cs.odu.edu\Grad\cmuthyal\win_user_profile\AppData\MiKTeX\2.9\tex\la
tex\pgf\utilities\pgfkeys.sty
(\\cifs-ecs.cs.odu.edu\Grad\cmuthyal\win_user_profile\AppData\MiKTeX\2.9\tex\ge
neric\pgf\utilities\pgfkeys.code.tex
\pgfkeys@pathtoks=\toks23
\pgfkeys@temptoks=\toks24

(\\cifs-ecs.cs.odu.edu\Grad\cmuthyal\win_user_profile\AppData\MiKTeX\2.9\tex\ge
neric\pgf\utilities\pgfkeysfiltered.code.tex
\pgfkeys@tmptoks=\toks25
)))
("C:\Program Files\MiKTeX 2.9\tex\latex\base\ifthen.sty"
Package: ifthen 2014/09/29 v1.1c Standard LaTeX ifthen package (DPC)
)
(\\cifs-ecs.cs.odu.edu\Grad\cmuthyal\win_user_profile\AppData\MiKTeX\2.9\tex\la
tex\etoolbox\etoolbox.sty
Package: etoolbox 2018/02/11 v2.5e e-TeX tools for LaTeX (JAW)
\etb@tempcnta=\count119
)
("C:\Program Files\MiKTeX 2.9\tex\latex\tools\shellesc.sty"
Package: shellesc 2016/06/07 v0.02a unified shell escape interface for LaTeX
Package shellesc Info: Restricted shell escape enabled on input line 69.
)
\csv@file=\read1
\c@csvinputline=\count120
\c@csvrow=\count121
\c@csvcol=\count122
\csv@out=\write4
) (assignment3.aux

LaTeX Warning: Label `lst:q1tweepy' multiply defined.


LaTeX Warning: Label `lst:q1tweepy' multiply defined.


LaTeX Warning: Label `finalurisref' multiply defined.

)
\openout1 = `assignment3.aux'.

LaTeX Font Info:    Checking defaults for OML/cmm/m/it on input line 27.
LaTeX Font Info:    ... okay on input line 27.
LaTeX Font Info:    Checking defaults for T1/cmr/m/n on input line 27.
LaTeX Font Info:    ... okay on input line 27.
LaTeX Font Info:    Checking defaults for OT1/cmr/m/n on input line 27.
LaTeX Font Info:    ... okay on input line 27.
LaTeX Font Info:    Checking defaults for OMS/cmsy/m/n on input line 27.
LaTeX Font Info:    ... okay on input line 27.
LaTeX Font Info:    Checking defaults for OMX/cmex/m/n on input line 27.
LaTeX Font Info:    ... okay on input line 27.
LaTeX Font Info:    Checking defaults for U/cmr/m/n on input line 27.
LaTeX Font Info:    ... okay on input line 27.
LaTeX Font Info:    Checking defaults for PD1/pdf/m/n on input line 27.
LaTeX Font Info:    ... okay on input line 27.

(\\cifs-ecs.cs.odu.edu\Grad\cmuthyal\win_user_profile\AppData\MiKTeX\2.9\tex\co
ntext\base\supp-pdf.mkii
[Loading MPS to PDF converter (version 2006.09.02).]
\scratchcounter=\count123
\scratchdimen=\dimen124
\scratchbox=\box30
\nofMPsegments=\count124
\nofMParguments=\count125
\everyMPshowfont=\toks26
\MPscratchCnt=\count126
\MPscratchDim=\dimen125
\MPnumerator=\count127
\makeMPintoPDFobject=\count128
\everyMPtoPDFconversion=\toks27
) ("C:\Program Files\MiKTeX 2.9\tex\latex\oberdiek\epstopdf-base.sty"
Package: epstopdf-base 2016/05/15 v2.6 Base part for package epstopdf

("C:\Program Files\MiKTeX 2.9\tex\latex\oberdiek\grfext.sty"
Package: grfext 2016/05/16 v1.2 Manage graphics extensions (HO)
)
Package epstopdf-base Info: Redefining graphics rule for `.eps' on input line 4
38.
Package grfext Info: Graphics extension search list:
(grfext)             [.png,.pdf,.jpg,.mps,.jpeg,.jbig2,.jb2,.PNG,.PDF,.JPG,.JPE
G,.JBIG2,.JB2,.eps]
(grfext)             \AppendGraphicsExtensions on input line 456.
)
\c@lstlisting=\count129
\AtBeginShipoutBox=\box31
Package hyperref Info: Link coloring OFF on input line 27.

("C:\Program Files\MiKTeX 2.9\tex\latex\hyperref\nameref.sty"
Package: nameref 2016/05/21 v2.44 Cross-referencing by name of section

("C:\Program Files\MiKTeX 2.9\tex\generic\oberdiek\gettitlestring.sty"
Package: gettitlestring 2016/05/16 v1.5 Cleanup title references (HO)
)
\c@section@level=\count130
)
LaTeX Info: Redefining \ref on input line 27.
LaTeX Info: Redefining \pageref on input line 27.
LaTeX Info: Redefining \nameref on input line 27.

(assignment3.out) (assignment3.out)
\@outlinefile=\write5
\openout5 = `assignment3.out'.

 [1

{C:/Users/cmuthyal/AppData/Local/MiKTeX/2.9/pdftex/config/pdftex.map}]
Overfull \hbox (19.41339pt too wide) in paragraph at lines 95--95
[]\OT1/cmtt/m/n/10.95 1.  Download the 1000 URIs from assignment #2.  "curl", "
wget", or[] 
 []


Overfull \hbox (7.91602pt too wide) in paragraph at lines 95--95
[]\OT1/cmtt/m/n/10.95 "lynx" are all good candidate programs to use.  We want j
ust the[] 
 []


Overfull \hbox (2.16733pt too wide) in paragraph at lines 95--95
[]\OT1/cmtt/m/n/10.95 "www.cnn.com" is just an example output file name, keep i
n mind[] 
 []


Overfull \hbox (19.41339pt too wide) in paragraph at lines 95--95
[]\OT1/cmtt/m/n/10.95 that the shell will not like some of the characters that 
can occur[] 
 []


Overfull \hbox (13.6647pt too wide) in paragraph at lines 95--95
[]\OT1/cmtt/m/n/10.95 in URIs (e.g., "?", "&").  You might want to hash the URI
s, like:[] 
 []


Overfull \hbox (13.6647pt too wide) in paragraph at lines 95--95
[]\OT1/cmtt/m/n/10.95 ("md5sum" on some machines; note the "-n" in echo -- this
 removes[] 
 []


Overfull \hbox (7.91602pt too wide) in paragraph at lines 95--95
[]\OT1/cmtt/m/n/10.95 Now use a tool to remove (most) of the HTML markup.  "lyn
x" will[] 
 []


Overfull \hbox (111.3924pt too wide) in paragraph at lines 95--95
[]\OT1/cmtt/m/n/10.95 http://stackoverflow.com/questions/1936466/beautifulsoup-
grab-visible-webpage-text[] 
 []


Overfull \hbox (7.91602pt too wide) in paragraph at lines 95--95
[]\OT1/cmtt/m/n/10.95 for some hints on how to start.  Note that none of these 
methods[] 
 []

Missing character: There is no ‚ in font cmr10!
Missing character: There is no Ä in font cmr10!
Missing character: There is no ú in font cmr10!
Missing character: There is no ‚ in font cmr10!
Missing character: There is no Ä in font cmr10!
Missing character: There is no ù in font cmr10!
pdfTeX warning (ext4): destination with the same identifier (name{page.1}) has 
been already used, duplicate ignored
<to be read again> 
                   \relax 
l.101 \begin{itemize}
                      [1]
LaTeX Font Info:    Try loading font information for OMS+cmr on input line 102.

 ("C:\Program Files\MiKTeX 2.9\tex\latex\base\omscmr.fd"
File: omscmr.fd 2014/09/29 v2.5h Standard LaTeX font definitions
)
LaTeX Font Info:    Font shape `OMS/cmr/m/n' in size <10.95> not available
(Font)              Font shape `OMS/cmsy/m/n' tried instead on input line 102.
Missing character: There is no ‚ in font cmr10!
Missing character: There is no Ä in font cmr10!
Missing character: There is no ú in font cmr10!
Missing character: There is no ‚ in font cmr10!
Missing character: There is no Ä in font cmr10!
Missing character: There is no ù in font cmr10!
Missing character: There is no ‚ in font cmr10!
Missing character: There is no Ä in font cmr10!
Missing character: There is no ú in font cmr10!
Missing character: There is no ‚ in font cmr10!
Missing character: There is no Ä in font cmr10!
Missing character: There is no ù in font cmr10!
Missing character: There is no ‚ in font cmr10!
Missing character: There is no Ä in font cmr10!
Missing character: There is no ú in font cmr10!
Missing character: There is no ‚ in font cmr10!
Missing character: There is no Ä in font cmr10!
Missing character: There is no ù in font cmr10!
Missing character: There is no ‚ in font cmr10!
Missing character: There is no Ä in font cmr10!
Missing character: There is no ú in font cmr10!
Missing character: There is no ‚ in font cmr10!
Missing character: There is no Ä in font cmr10!
Missing character: There is no ù in font cmr10!
Missing character: There is no ‚ in font cmr10!
Missing character: There is no Ä in font cmr10!
Missing character: There is no ú in font cmr10!
Missing character: There is no ‚ in font cmr10!
Missing character: There is no Ä in font cmr10!
Missing character: There is no ù in font cmr10!
Missing character: There is no ‚ in font cmr10!
Missing character: There is no Ä in font cmr10!
Missing character: There is no ú in font cmr10!
Missing character: There is no ‚ in font cmr10!
Missing character: There is no Ä in font cmr10!
Missing character: There is no ù in font cmr10!
Missing character: There is no ‚ in font cmr10!
Missing character: There is no Ä in font cmr10!
Missing character: There is no ú in font cmr10!
Missing character: There is no ‚ in font cmr10!
Missing character: There is no Ä in font cmr10!
Missing character: There is no ù in font cmr10!
Missing character: There is no ‚ in font cmr10!
Missing character: There is no Ä in font cmr10!
Missing character: There is no ú in font cmr10!
Missing character: There is no ‚ in font cmr10!
Missing character: There is no Ä in font cmr10!
Missing character: There is no ù in font cmr10!
Missing character: There is no ‚ in font cmr10!
Missing character: There is no Ä in font cmr10!
Missing character: There is no ú in font cmr10!
Missing character: There is no ‚ in font cmr10!
Missing character: There is no Ä in font cmr10!
Missing character: There is no ù in font cmr10!
Missing character: There is no ‚ in font cmr10!
Missing character: There is no Ä in font cmr10!
Missing character: There is no ú in font cmr10!
Missing character: There is no ‚ in font cmr10!
Missing character: There is no Ä in font cmr10!
Missing character: There is no ù in font cmr10!
Missing character: There is no ‚ in font cmr10!
Missing character: There is no Ä in font cmr10!
Missing character: There is no ú in font cmr10!
Missing character: There is no ‚ in font cmr10!
Missing character: There is no Ä in font cmr10!
Missing character: There is no ù in font cmr10!
Missing character: There is no ‚ in font cmr10!
Missing character: There is no Ä in font cmr10!
Missing character: There is no ú in font cmr10!
Missing character: There is no ‚ in font cmr10!
Missing character: There is no Ä in font cmr10!
Missing character: There is no ù in font cmr10!
 (checkHtmlContent.py [2]
LaTeX Font Info:    Font shape `OMS/cmr/m/n' in size <9> not available
(Font)              Font shape `OMS/cmsy/m/n' tried instead on input line 39.
 [3]) [4]
Overfull \hbox (7.91602pt too wide) in paragraph at lines 166--166
[]\OT1/cmtt/m/n/10.95 2.  Choose a query term (e.g., "shadow") that is not a st
op word[] 
 []


Overfull \hbox (19.41339pt too wide) in paragraph at lines 166--166
[]\OT1/cmtt/m/n/10.95 (see week 5 slides) and not HTML markup from step 1 (e.g.
, "http")[] 
 []


Overfull \hbox (36.65945pt too wide) in paragraph at lines 166--166
[]\OT1/cmtt/m/n/10.95 that matches at least 10 documents (hint: use "grep" on t
he processed[] 
 []


Overfull \hbox (13.6647pt too wide) in paragraph at lines 166--166
[]\OT1/cmtt/m/n/10.95 files).  If the term is present in more than 10 documents
, choose[] 
 []


Overfull \hbox (2.16733pt too wide) in paragraph at lines 166--166
[]\OT1/cmtt/m/n/10.95 any 10 from your list.  (If you do not end up with a list
 of 10[] 
 []


Overfull \hbox (13.6647pt too wide) in paragraph at lines 166--166
[]\OT1/cmtt/m/n/10.95 As per the example in the week 5 slides, compute TFIDF va
lues for[] 
 []


Overfull \hbox (7.91602pt too wide) in paragraph at lines 166--166
[]\OT1/cmtt/m/n/10.95 the term in each of the 10 documents and create a table w
ith the[] 
 []


Overfull \hbox (19.41339pt too wide) in paragraph at lines 166--166
[]\OT1/cmtt/m/n/10.95 TF, IDF, and TFIDF values, as well as the corresponding U
RIs.  The[] 
 []


Overfull \hbox (2.16733pt too wide) in paragraph at lines 166--166
[]\OT1/cmtt/m/n/10.95 You can use Google or Bing for the DF estimation.  To cou
nt the[] 
 []


Overfull \hbox (7.91602pt too wide) in paragraph at lines 166--166
[]\OT1/cmtt/m/n/10.95 number of words in the processed document (i.e., the deon
minator[] 
 []


Overfull \hbox (82.64896pt too wide) in paragraph at lines 166--166
[]\OT1/cmtt/m/n/10.95 https://en.wikipedia.org/wiki/Significant_figures#Roundin
g_and_decimal_places[] 
 []

[5

]
Missing character: There is no √ in font cmr10!
Missing character: There is no ó in font cmr10!
Missing character: There is no ‚ in font cmr10!
Missing character: There is no Ä in font cmr10!
Missing character: There is no ú in font cmr10!
Missing character: There is no ‚ in font cmr10!
Missing character: There is no Ä in font cmr10!
Missing character: There is no ù in font cmr10!
Missing character: There is no ‚ in font cmr10!
Missing character: There is no Ä in font cmr10!
Missing character: There is no ú in font cmr10!
Missing character: There is no ‚ in font cmr10!
Missing character: There is no Ä in font cmr10!
Missing character: There is no ù in font cmr10!
LaTeX Font Info:    Try loading font information for OML+cmr on input line 185.

 ("C:\Program Files\MiKTeX 2.9\tex\latex\base\omlcmr.fd"
File: omlcmr.fd 2014/09/29 v2.5h Standard LaTeX font definitions
)
LaTeX Font Info:    Font shape `OML/cmr/m/n' in size <10.95> not available
(Font)              Font shape `OML/cmm/m/it' tried instead on input line 185.

(searchWordFromFile.py
LaTeX Font Info:    Font shape `OML/cmr/m/n' in size <9> not available
(Font)              Font shape `OML/cmm/m/it' tried instead on input line 20.
 [6])
Missing character: There is no ‚ in font cmr10!
Missing character: There is no Ä in font cmr10!
Missing character: There is no ú in font cmr10!
Missing character: There is no ‚ in font cmr10!
Missing character: There is no Ä in font cmr10!
Missing character: There is no ù in font cmr10!
Missing character: There is no ‚ in font cmr10!
Missing character: There is no Ä in font cmr10!
Missing character: There is no ú in font cmr10!
Missing character: There is no ‚ in font cmr10!
Missing character: There is no Ä in font cmr10!
Missing character: There is no ù in font cmr10!
Missing character: There is no ‚ in font cmr10!
Missing character: There is no Ä in font cmr10!
Missing character: There is no ú in font cmr10!
Missing character: There is no ‚ in font cmr10!
Missing character: There is no Ä in font cmr10!
Missing character: There is no ù in font cmr10!
Missing character: There is no ‚ in font cmr10!
Missing character: There is no Ä in font cmr10!
Missing character: There is no ú in font cmr10!
Missing character: There is no ‚ in font cmr10!
Missing character: There is no Ä in font cmr10!
Missing character: There is no ù in font cmr10!
 (wordcount.py [7]) [8]
Underfull \hbox (badness 10000) in paragraph at lines 215--216
[]|[]$\OT1/cmtt/m/n/10.95 http : / / www . pressofatlanticcity . com /
 []


Underfull \hbox (badness 10000) in paragraph at lines 215--216
\OT1/cmtt/m/n/10.95 sports / local / highschool / football /
 []


Underfull \hbox (badness 10000) in paragraph at lines 215--216
\OT1/cmtt/m/n/10.95 atlantic -[] city -[] football -[] players -[] sign -[]
 []


Underfull \hbox (badness 10000) in paragraph at lines 215--216
\OT1/cmtt/m/n/10.95 to -[] play -[] division -[] ii -[] football / article _
 []


Underfull \hbox (badness 10000) in paragraph at lines 215--216
\OT1/cmtt/m/n/10.95 d481acc6 -[] a0d5 -[] 5d8a -[] 9900 -[] 230622b6e8f8 .
 []


Underfull \hbox (badness 10000) in paragraph at lines 215--216
\OT1/cmtt/m/n/10.95 html ? utm _ medium = social & utm _ source =
 []


Underfull \hbox (badness 10000) in paragraph at lines 217--218
[]|[]$\OT1/cmtt/m/n/10.95 https : / / www . azcentral . com / story /
 []


Underfull \hbox (badness 10000) in paragraph at lines 217--218
\OT1/cmtt/m/n/10.95 sports / ncaaf / 2018 / 02 / 07 / asu -[] football -[]
 []


Underfull \hbox (badness 10000) in paragraph at lines 217--218
\OT1/cmtt/m/n/10.95 herm -[] edwards -[] arizona -[] football -[] kevin -[]
 []


Underfull \hbox (badness 10000) in paragraph at lines 219--220
[]|[]$\OT1/cmtt/m/n/10.95 http : / / www . citizen -[] times . com / story /
 []


Underfull \hbox (badness 10000) in paragraph at lines 219--220
\OT1/cmtt/m/n/10.95 sports / high -[] school / hshuddle / 2018 / 02 /
 []


Underfull \hbox (badness 10000) in paragraph at lines 219--220
\OT1/cmtt/m/n/10.95 07 / wnc -[] talent -[] display -[] during -[] national -[]

 []


Underfull \hbox (badness 10000) in paragraph at lines 221--222
[]|[]$\OT1/cmtt/m/n/10.95 https : / / www . postandcourier . com / sports /
 []


Underfull \hbox (badness 10000) in paragraph at lines 221--222
\OT1/cmtt/m/n/10.95 citadel -[] football -[] recruiting -[] class -[]
 []


Underfull \hbox (badness 10000) in paragraph at lines 221--222
\OT1/cmtt/m/n/10.95 boosted -[] by -[] pair -[] of -[]-[] star / article _
 []


Underfull \hbox (badness 10000) in paragraph at lines 221--222
\OT1/cmtt/m/n/10.95 bc681706 -[] 0bff -[] 11e8 -[] baca -[] 7f18d5c08a83 .
 []


Underfull \hbox (badness 10000) in paragraph at lines 221--222
\OT1/cmtt/m/n/10.95 html ? utm _ medium = social & utm _ source =
 []


Underfull \hbox (badness 10000) in paragraph at lines 223--224
[]|[]$\OT1/cmtt/m/n/10.95 https : / / www . sportbuzzbusiness . fr / liga -[]
 []


Underfull \hbox (badness 10000) in paragraph at lines 223--224
\OT1/cmtt/m/n/10.95 sengage -[] football -[] feminin -[] nigeria . html ?
 []


Underfull \hbox (badness 10000) in paragraph at lines 223--224
\OT1/cmtt/m/n/10.95 utm _ source = Sociallymap & utm _ medium =
 []


Underfull \hbox (badness 10000) in paragraph at lines 225--226
[]|[]$\OT1/cmtt/m/n/10.95 http : / / www . the42 . ie / liam -[] whelan -[]
 []


Underfull \hbox (badness 10000) in paragraph at lines 225--226
\OT1/cmtt/m/n/10.95 munich -[] air -[] disaster -[] busby -[] babes -[] 60th -[
]
 []


Underfull \hbox (badness 10000) in paragraph at lines 225--226
\OT1/cmtt/m/n/10.95 anniversary -[] 3785714 -[] Feb2018 / ?utm _
 []


Underfull \hbox (badness 10000) in paragraph at lines 227--228
[]|[]$\OT1/cmtt/m/n/10.95 https : / / www . postandcourier . com / sports /
 []


Underfull \hbox (badness 10000) in paragraph at lines 227--228
\OT1/cmtt/m/n/10.95 the -[] citadel -[] football -[] signs -[] new -[]
 []


Underfull \hbox (badness 10000) in paragraph at lines 227--228
\OT1/cmtt/m/n/10.95 players -[] awaits -[] at -[] least -[] one / article _
 []


Underfull \hbox (badness 10000) in paragraph at lines 227--228
\OT1/cmtt/m/n/10.95 bc681706 -[] 0bff -[] 11e8 -[] baca -[] 7f18d5c08a83 .
 []


Underfull \hbox (badness 10000) in paragraph at lines 227--228
\OT1/cmtt/m/n/10.95 html ? utm _ medium = social & utm _ source =
 []


Underfull \hbox (badness 10000) in paragraph at lines 229--230
[]|[]$\OT1/cmtt/m/n/10.95 https : / / elpasoheraldpost . com /
 []


Underfull \hbox (badness 10000) in paragraph at lines 229--230
\OT1/cmtt/m/n/10.95 videoinfo -[] dimel -[] announces -[] 2018 -[] utep -[]
 []


Underfull \hbox (badness 10000) in paragraph at lines 231--232
[]|[]$\OT1/cmtt/m/n/10.95 http : / / www . wbur . org / onlyagame / 2018 / 02 /

 []


Underfull \hbox (badness 10000) in paragraph at lines 233--234
[]|[]$\OT1/cmtt/m/n/10.95 http : / / www . nationalreview . com / article /
 []


Underfull \hbox (badness 10000) in paragraph at lines 233--234
\OT1/cmtt/m/n/10.95 456152 / philadelphia -[] eagles -[] win -[] god -[]
 []


Overfull \hbox (22.7545pt too wide) in paragraph at lines 211--236
[][] 
 []


LaTeX Warning: Float too large for page by 94.00395pt on input line 238.

[9] [10]
Overfull \hbox (13.6647pt too wide) in paragraph at lines 278--278
[]\OT1/cmtt/m/n/10.95 by their PageRank.  Use any of the free PR estimaters on 
the web,[] 
 []


Overfull \hbox (2.16733pt too wide) in paragraph at lines 278--278
[]\OT1/cmtt/m/n/10.95 If you use these tools, you'll have to do so by hand (the
y have[] 
 []


Overfull \hbox (2.16733pt too wide) in paragraph at lines 278--278
[]\OT1/cmtt/m/n/10.95 anti-bot captchas), but there are only 10 to do.  Normali
ze the[] 
 []


Overfull \hbox (25.16208pt too wide) in paragraph at lines 278--278
[]\OT1/cmtt/m/n/10.95 values they give you to be from 0 to 1.0.  Use the same t
ool on all[] 
 []


Overfull \hbox (7.91602pt too wide) in paragraph at lines 278--278
[]\OT1/cmtt/m/n/10.95 note that these tools typically report on the domain rath
er than[] 
 []


Overfull \hbox (13.6647pt too wide) in paragraph at lines 278--278
[]\OT1/cmtt/m/n/10.95 Briefly compare and contrast the rankings produced in que
stions 2[] 
 []

[11

] [12

]
Underfull \hbox (badness 1418) in paragraph at lines 329--330
[]\OT1/cmr/m/n/10.95 ``Kendall rank cor-re-la-tion co-ef-fi-cient.'' Wikipedia 
- Kendall Rank
 []


Underfull \hbox (badness 10000) in paragraph at lines 329--330
\OT1/cmr/m/n/10.95 Cor-re-la-tion co-ef-fi-cient. Wikipedia, n.d. Web. 22 Feb. 
2017.
 []


Underfull \hbox (badness 10000) in paragraph at lines 329--330
[]$\OT1/cmtt/m/n/10.95 https : / / en . wikipedia . org / wiki / Kendall _ rank
 _ correlation _
 []


Underfull \hbox (badness 3849) in paragraph at lines 331--332
[]\OT1/cmr/m/n/10.95 Atkins, Grant. ``fi-nalURIs.txt - Twit-ter scraped URIs.''
 cs532-
 []


Underfull \hbox (badness 7704) in paragraph at lines 331--332
\OT1/cmr/m/n/10.95 s17 Github Repos-i-tory. N.p., 09 Feb. 2017. Web. 22 Feb.
 []


Underfull \hbox (badness 10000) in paragraph at lines 331--332
\OT1/cmr/m/n/10.95 2017.[]$\OT1/cmtt/m/n/10.95 https : / / github . com / grant
at / cs532 -[] s17 / blob / master /
 []


Underfull \hbox (badness 10000) in paragraph at lines 333--334
[]\OT1/cmr/m/n/10.95 Atkins, Grant. ``In-verted In-dex re-sults.'' cs532-s17 Gi
thub
 []


Underfull \hbox (badness 8113) in paragraph at lines 333--334
\OT1/cmr/m/n/10.95 Repos-i-tory. N.p., 09 Feb. 2017. Web. 22 Feb. 2017.[]$\OT1/
cmtt/m/n/10.95 https :
 []


Underfull \hbox (badness 10000) in paragraph at lines 333--334
\OT1/cmtt/m/n/10.95 / / github . com / grantat / cs532 -[] s17 / blob / master 
/ assignments /
 []


Underfull \hbox (badness 10000) in paragraph at lines 335--336
\OT1/cmr/m/n/10.95 2017. []$\OT1/cmtt/m/n/10.95 http : / / stackoverflow . com 
/ questions / 2557863 / measures -[]
 []

Package atveryend Info: Empty hook `BeforeClearDocument' on input line 342.
[13

pdfTeX warning (ext4): destination with the same identifier (name{cite.finaluri
sref}) has been already used, duplicate ignored

\AtBegShi@Output ...ipout \box \AtBeginShipoutBox 
                                                  \fi \fi 
l.342 \end{document}
                    ]
Package atveryend Info: Empty hook `AfterLastShipout' on input line 342.
 (assignment3.aux)
Package atveryend Info: Executing hook `AtVeryEndDocument' on input line 342.
Package atveryend Info: Executing hook `AtEndAfterFileList' on input line 342.
Package rerunfilecheck Info: File `assignment3.out' has not changed.
(rerunfilecheck)             Checksum: D41D8CD98F00B204E9800998ECF8427E;0.


LaTeX Warning: There were multiply-defined labels.

Package atveryend Info: Empty hook `AtVeryVeryEnd' on input line 342.
 ) 
Here is how much of TeX's memory you used:
 8988 strings out of 493335
 141131 string characters out of 3139251
 389179 words of memory out of 3000000
 12232 multiletter control sequences out of 15000+200000
 10748 words of font info for 39 fonts, out of 3000000 for 9000
 1141 hyphenation exceptions out of 8191
 41i,13n,46p,956b,1734s stack positions out of 5000i,500n,10000p,200000b,50000s
<C:/Program Files/MiKTeX 2.9/fonts/type1/public/amsfonts/cm/cmbx10.pfb><C:/Pr
ogram Files/MiKTeX 2.9/fonts/type1/public/amsfonts/cm/cmbx12.pfb><C:/Program Fi
les/MiKTeX 2.9/fonts/type1/public/amsfonts/cm/cmmi10.pfb><C:/Program Files/MiKT
eX 2.9/fonts/type1/public/amsfonts/cm/cmmi9.pfb><C:/Program Files/MiKTeX 2.9/fo
nts/type1/public/amsfonts/cm/cmr10.pfb><C:/Program Files/MiKTeX 2.9/fonts/type1
/public/amsfonts/cm/cmr12.pfb><C:/Program Files/MiKTeX 2.9/fonts/type1/public/a
msfonts/cm/cmr17.pfb><C:/Program Files/MiKTeX 2.9/fonts/type1/public/amsfonts/c
m/cmr9.pfb><C:/Program Files/MiKTeX 2.9/fonts/type1/public/amsfonts/cm/cmsy10.p
fb><C:/Program Files/MiKTeX 2.9/fonts/type1/public/amsfonts/cm/cmsy9.pfb><C:/Pr
ogram Files/MiKTeX 2.9/fonts/type1/public/amsfonts/cm/cmti10.pfb><C:/Program Fi
les/MiKTeX 2.9/fonts/type1/public/amsfonts/cm/cmtt10.pfb>
Output written on assignment3.pdf (14 pages, 228052 bytes).
PDF statistics:
 373 PDF objects out of 1000 (max. 8388607)
 170 named destinations out of 1000 (max. 500000)
 1 words of extra memory for PDF output out of 10000 (max. 10000000)

