This is pdfTeX, Version 3.14159265-2.6-1.40.17 (MiKTeX 2.9 64-bit) (preloaded format=pdflatex 2018.1.28)  10 APR 2018 03:35
entering extended mode
**./Assignment7.tex
(Assignment7.tex
LaTeX2e <2016/03/31> patch level 1
Babel <3.9r> and hyphenation patterns for 75 language(s) loaded.
("C:\Program Files\MiKTeX 2.9\tex\latex\base\article.cls"
Document Class: article 2014/09/29 v1.4h Standard LaTeX document class
("C:\Program Files\MiKTeX 2.9\tex\latex\base\size11.clo"
File: size11.clo 2014/09/29 v1.4h Standard LaTeX file (size option)
)
\c@part=\count79
\c@section=\count80
\c@subsection=\count81
\c@subsubsection=\count82
\c@paragraph=\count83
\c@subparagraph=\count84
\c@figure=\count85
\c@table=\count86
\abovecaptionskip=\skip41
\belowcaptionskip=\skip42
\bibindent=\dimen102
)
("C:\Program Files\MiKTeX 2.9\tex\latex\graphics\graphicx.sty"
Package: graphicx 2014/10/28 v1.0g Enhanced LaTeX Graphics (DPC,SPQR)

("C:\Program Files\MiKTeX 2.9\tex\latex\graphics\keyval.sty"
Package: keyval 2014/10/28 v1.15 key=value parser (DPC)
\KV@toks@=\toks14
)
("C:\Program Files\MiKTeX 2.9\tex\latex\graphics\graphics.sty"
Package: graphics 2016/06/02 v1.0s Standard LaTeX Graphics (DPC,SPQR)

("C:\Program Files\MiKTeX 2.9\tex\latex\graphics\trig.sty"
Package: trig 2016/01/03 v1.10 sin cos tan (DPC)
)
("C:\Program Files\MiKTeX 2.9\tex\latex\00miktex\graphics.cfg"
File: graphics.cfg 2016/06/04 v1.11 sample graphics configuration
)
Package graphics Info: Driver file: pdftex.def on input line 99.

("C:\Program Files\MiKTeX 2.9\tex\latex\pdftex-def\pdftex.def"
File: pdftex.def 2016/06/17 v0.06h Graphics/color for pdfTeX

("C:\Program Files\MiKTeX 2.9\tex\generic\oberdiek\infwarerr.sty"
Package: infwarerr 2016/05/16 v1.4 Providing info/warning/error messages (HO)
)
("C:\Program Files\MiKTeX 2.9\tex\generic\oberdiek\ltxcmds.sty"
Package: ltxcmds 2016/05/16 v1.23 LaTeX kernel commands for general use (HO)
)
\Gread@gobject=\count87
))
\Gin@req@height=\dimen103
\Gin@req@width=\dimen104
)
(\\cifs-ecs.cs.odu.edu\Grad\cmuthyal\win_user_profile\AppData\MiKTeX\2.9\tex\la
tex\listings\listings.sty
\lst@mode=\count88
\lst@gtempboxa=\box26
\lst@token=\toks15
\lst@length=\count89
\lst@currlwidth=\dimen105
\lst@column=\count90
\lst@pos=\count91
\lst@lostspace=\dimen106
\lst@width=\dimen107
\lst@newlines=\count92
\lst@lineno=\count93
\lst@maxwidth=\dimen108

(\\cifs-ecs.cs.odu.edu\Grad\cmuthyal\win_user_profile\AppData\MiKTeX\2.9\tex\la
tex\listings\lstmisc.sty
File: lstmisc.sty 2015/06/04 1.6 (Carsten Heinz)
\c@lstnumber=\count94
\lst@skipnumbers=\count95
\lst@framebox=\box27
)
(\\cifs-ecs.cs.odu.edu\Grad\cmuthyal\win_user_profile\AppData\MiKTeX\2.9\tex\la
tex\listings\listings.cfg
File: listings.cfg 2015/06/04 1.6 listings configuration
))
Package: listings 2015/06/04 1.6 (Carsten Heinz)

(\\cifs-ecs.cs.odu.edu\Grad\cmuthyal\win_user_profile\AppData\MiKTeX\2.9\tex\ge
neric\genmisc\nth.sty
Package: nth 2002/02/27
)
(\\cifs-ecs.cs.odu.edu\Grad\cmuthyal\win_user_profile\AppData\MiKTeX\2.9\tex\la
tex\url\url.sty
\Urlmuskip=\muskip10
Package: url 2013/09/16  ver 3.4  Verb mode for urls, etc.
) ("C:\Program Files\MiKTeX 2.9\tex\latex\hyperref\hyperref.sty"
Package: hyperref 2016/05/21 v6.83p Hypertext links for LaTeX
("C:\Program Files\MiKTeX 2.9\tex\generic\oberdiek\hobsub-hyperref.sty"
Package: hobsub-hyperref 2016/05/16 v1.14 Bundle oberdiek, subset hyperref (HO)


("C:\Program Files\MiKTeX 2.9\tex\generic\oberdiek\hobsub-generic.sty"
Package: hobsub-generic 2016/05/16 v1.14 Bundle oberdiek, subset generic (HO)
Package: hobsub 2016/05/16 v1.14 Construct package bundles (HO)
Package hobsub Info: Skipping package `infwarerr' (already loaded).
Package hobsub Info: Skipping package `ltxcmds' (already loaded).
Package: ifluatex 2016/05/16 v1.4 Provides the ifluatex switch (HO)
Package ifluatex Info: LuaTeX not detected.
Package: ifvtex 2016/05/16 v1.6 Detect VTeX and its facilities (HO)
Package ifvtex Info: VTeX not detected.
Package: intcalc 2016/05/16 v1.2 Expandable calculations with integers (HO)
Package: ifpdf 2016/05/14 v3.1 Provides the ifpdf switch
Package: etexcmds 2016/05/16 v1.6 Avoid name clashes with e-TeX commands (HO)
Package etexcmds Info: Could not find \expanded.
(etexcmds)             That can mean that you are not using pdfTeX 1.50 or
(etexcmds)             that some package has redefined \expanded.
(etexcmds)             In the latter case, load this package earlier.
Package: kvsetkeys 2016/05/16 v1.17 Key value parser (HO)
Package: kvdefinekeys 2016/05/16 v1.4 Define keys (HO)
Package: pdftexcmds 2016/05/21 v0.22 Utility functions of pdfTeX for LuaTeX (HO
)
Package pdftexcmds Info: LuaTeX not detected.
Package pdftexcmds Info: \pdf@primitive is available.
Package pdftexcmds Info: \pdf@ifprimitive is available.
Package pdftexcmds Info: \pdfdraftmode found.
Package: pdfescape 2016/05/16 v1.14 Implements pdfTeX's escape features (HO)
Package: bigintcalc 2016/05/16 v1.4 Expandable calculations on big integers (HO
)
Package: bitset 2016/05/16 v1.2 Handle bit-vector datatype (HO)
Package: uniquecounter 2016/05/16 v1.3 Provide unlimited unique counter (HO)
)
Package hobsub Info: Skipping package `hobsub' (already loaded).
Package: letltxmacro 2016/05/16 v1.5 Let assignment for LaTeX macros (HO)
Package: hopatch 2016/05/16 v1.3 Wrapper for package hooks (HO)
Package: xcolor-patch 2016/05/16 xcolor patch
Package: atveryend 2016/05/16 v1.9 Hooks at the very end of document (HO)
Package atveryend Info: \enddocument detected (standard20110627).
Package: atbegshi 2016/06/09 v1.18 At begin shipout hook (HO)
Package: refcount 2016/05/16 v3.5 Data extraction from label references (HO)
Package: hycolor 2016/05/16 v1.8 Color options for hyperref/bookmark (HO)
)
("C:\Program Files\MiKTeX 2.9\tex\generic\ifxetex\ifxetex.sty"
Package: ifxetex 2010/09/12 v0.6 Provides ifxetex conditional
)
("C:\Program Files\MiKTeX 2.9\tex\latex\oberdiek\auxhook.sty"
Package: auxhook 2016/05/16 v1.4 Hooks for auxiliary files (HO)
)
("C:\Program Files\MiKTeX 2.9\tex\latex\oberdiek\kvoptions.sty"
Package: kvoptions 2016/05/16 v3.12 Key value format for package options (HO)
)
\@linkdim=\dimen109
\Hy@linkcounter=\count96
\Hy@pagecounter=\count97

("C:\Program Files\MiKTeX 2.9\tex\latex\hyperref\pd1enc.def"
File: pd1enc.def 2016/05/21 v6.83p Hyperref: PDFDocEncoding definition (HO)
)
\Hy@SavedSpaceFactor=\count98

("C:\Program Files\MiKTeX 2.9\tex\latex\00miktex\hyperref.cfg"
File: hyperref.cfg 2002/06/06 v1.2 hyperref configuration of TeXLive
)
Package hyperref Info: Hyper figures OFF on input line 4486.
Package hyperref Info: Link nesting OFF on input line 4491.
Package hyperref Info: Hyper index ON on input line 4494.
Package hyperref Info: Plain pages OFF on input line 4501.
Package hyperref Info: Backreferencing OFF on input line 4506.
Package hyperref Info: Implicit mode ON; LaTeX internals redefined.
Package hyperref Info: Bookmarks ON on input line 4735.
\c@Hy@tempcnt=\count99
LaTeX Info: Redefining \url on input line 5088.
\XeTeXLinkMargin=\dimen110
\Fld@menulength=\count100
\Field@Width=\dimen111
\Fld@charsize=\dimen112
Package hyperref Info: Hyper figures OFF on input line 6342.
Package hyperref Info: Link nesting OFF on input line 6347.
Package hyperref Info: Hyper index ON on input line 6350.
Package hyperref Info: backreferencing OFF on input line 6357.
Package hyperref Info: Link coloring OFF on input line 6362.
Package hyperref Info: Link coloring with OCG OFF on input line 6367.
Package hyperref Info: PDF/A mode OFF on input line 6372.
LaTeX Info: Redefining \ref on input line 6412.
LaTeX Info: Redefining \pageref on input line 6416.
\Hy@abspage=\count101
\c@Item=\count102
\c@Hfootnote=\count103
)

Package hyperref Message: Driver (autodetected): hpdftex.

("C:\Program Files\MiKTeX 2.9\tex\latex\hyperref\hpdftex.def"
File: hpdftex.def 2016/05/21 v6.83p Hyperref driver for pdfTeX
\Fld@listcount=\count104
\c@bookmark@seq@number=\count105

("C:\Program Files\MiKTeX 2.9\tex\latex\oberdiek\rerunfilecheck.sty"
Package: rerunfilecheck 2016/05/16 v1.8 Rerun checks for auxiliary files (HO)
Package uniquecounter Info: New unique counter `rerunfilecheck' on input line 2
82.
)
\Hy@SectionHShift=\skip43
)
("C:\Program Files\MiKTeX 2.9\tex\latex\amsmath\amsmath.sty"
Package: amsmath 2016/03/10 v2.15b AMS math features
\@mathmargin=\skip44

For additional information on amsmath, use the `?' option.
("C:\Program Files\MiKTeX 2.9\tex\latex\amsmath\amstext.sty"
Package: amstext 2000/06/29 v2.01 AMS text

("C:\Program Files\MiKTeX 2.9\tex\latex\amsmath\amsgen.sty"
File: amsgen.sty 1999/11/30 v2.0 generic functions
\@emptytoks=\toks16
\ex@=\dimen113
))
("C:\Program Files\MiKTeX 2.9\tex\latex\amsmath\amsbsy.sty"
Package: amsbsy 1999/11/29 v1.2d Bold Symbols
\pmbraise@=\dimen114
)
("C:\Program Files\MiKTeX 2.9\tex\latex\amsmath\amsopn.sty"
Package: amsopn 2016/03/08 v2.02 operator names
)
\inf@bad=\count106
LaTeX Info: Redefining \frac on input line 199.
\uproot@=\count107
\leftroot@=\count108
LaTeX Info: Redefining \overline on input line 297.
\classnum@=\count109
\DOTSCASE@=\count110
LaTeX Info: Redefining \ldots on input line 394.
LaTeX Info: Redefining \dots on input line 397.
LaTeX Info: Redefining \cdots on input line 518.
\Mathstrutbox@=\box28
\strutbox@=\box29
\big@size=\dimen115
LaTeX Font Info:    Redeclaring font encoding OML on input line 634.
LaTeX Font Info:    Redeclaring font encoding OMS on input line 635.
\macc@depth=\count111
\c@MaxMatrixCols=\count112
\dotsspace@=\muskip11
\c@parentequation=\count113
\dspbrk@lvl=\count114
\tag@help=\toks17
\row@=\count115
\column@=\count116
\maxfields@=\count117
\andhelp@=\toks18
\eqnshift@=\dimen116
\alignsep@=\dimen117
\tagshift@=\dimen118
\tagwidth@=\dimen119
\totwidth@=\dimen120
\lineht@=\dimen121
\@envbody=\toks19
\multlinegap=\skip45
\multlinetaggap=\skip46
\mathdisplay@stack=\toks20
LaTeX Info: Redefining \[ on input line 2739.
LaTeX Info: Redefining \] on input line 2740.
)
(\\cifs-ecs.cs.odu.edu\Grad\cmuthyal\win_user_profile\AppData\MiKTeX\2.9\tex\la
tex\cancel\cancel.sty
Package: cancel 2013/04/12 v2.2 Cancel math terms
)
(\\cifs-ecs.cs.odu.edu\Grad\cmuthyal\win_user_profile\AppData\MiKTeX\2.9\tex\la
tex\xcolor\xcolor.sty
Package: xcolor 2016/05/11 v2.12 LaTeX color extensions (UK)
 ("C:\Program Files\MiKTeX 2.9\tex\latex\00miktex\color.cfg"
File: color.cfg 2016/01/02 v1.6 sample color configuration
)
Package xcolor Info: Driver file: pdftex.def on input line 225.

(\\cifs-ecs.cs.odu.edu\Grad\cmuthyal\win_user_profile\AppData\MiKTeX\2.9\tex\la
tex\colortbl\colortbl.sty
Package: colortbl 2012/02/13 v1.0a Color table columns (DPC)

("C:\Program Files\MiKTeX 2.9\tex\latex\tools\array.sty"
Package: array 2014/10/28 v2.4c Tabular extension package (FMi)
\col@sep=\dimen122
\extrarowheight=\dimen123
\NC@list=\toks21
\extratabsurround=\skip47
\backup@length=\skip48
)
\everycr=\toks22
\minrowclearance=\skip49
)
\rownum=\count118
Package xcolor Info: Model `cmy' substituted by `cmy0' on input line 1348.
Package xcolor Info: Model `hsb' substituted by `rgb' on input line 1352.
Package xcolor Info: Model `RGB' extended on input line 1364.
Package xcolor Info: Model `HTML' substituted by `rgb' on input line 1366.
Package xcolor Info: Model `Hsb' substituted by `hsb' on input line 1367.
Package xcolor Info: Model `tHsb' substituted by `hsb' on input line 1368.
Package xcolor Info: Model `HSB' substituted by `hsb' on input line 1369.
Package xcolor Info: Model `Gray' substituted by `gray' on input line 1370.
Package xcolor Info: Model `wave' substituted by `hsb' on input line 1371.
)
(\\cifs-ecs.cs.odu.edu\Grad\cmuthyal\win_user_profile\AppData\MiKTeX\2.9\tex\la
tex\comment\comment.sty
\CommentStream=\write3
 Excluding comment 'comment')
("C:\Program Files\MiKTeX 2.9\tex\latex\oberdiek\grffile.sty"
Package: grffile 2016/05/16 v1.17 Extended file name support for graphics (HO)
Package grffile Info: Option `multidot' is set to `true'.
Package grffile Info: Option `extendedchars' is set to `false'.
Package grffile Info: Option `space' is set to `true'.
Package grffile Info: \Gin@ii of package `graphicx' fixed on input line 486.
)
(\\cifs-ecs.cs.odu.edu\Grad\cmuthyal\win_user_profile\AppData\MiKTeX\2.9\tex\la
tex\csvsimple\csvsimple.sty
Package: csvsimple 2016/07/01 version 1.20 LaTeX CSV file processing

(\\cifs-ecs.cs.odu.edu\Grad\cmuthyal\win_user_profile\AppData\MiKTeX\2.9\tex\la
tex\pgf\utilities\pgfkeys.sty
(\\cifs-ecs.cs.odu.edu\Grad\cmuthyal\win_user_profile\AppData\MiKTeX\2.9\tex\ge
neric\pgf\utilities\pgfkeys.code.tex
\pgfkeys@pathtoks=\toks23
\pgfkeys@temptoks=\toks24

(\\cifs-ecs.cs.odu.edu\Grad\cmuthyal\win_user_profile\AppData\MiKTeX\2.9\tex\ge
neric\pgf\utilities\pgfkeysfiltered.code.tex
\pgfkeys@tmptoks=\toks25
)))
("C:\Program Files\MiKTeX 2.9\tex\latex\base\ifthen.sty"
Package: ifthen 2014/09/29 v1.1c Standard LaTeX ifthen package (DPC)
)
(\\cifs-ecs.cs.odu.edu\Grad\cmuthyal\win_user_profile\AppData\MiKTeX\2.9\tex\la
tex\etoolbox\etoolbox.sty
Package: etoolbox 2018/02/11 v2.5e e-TeX tools for LaTeX (JAW)
\etb@tempcnta=\count119
)
("C:\Program Files\MiKTeX 2.9\tex\latex\tools\shellesc.sty"
Package: shellesc 2016/06/07 v0.02a unified shell escape interface for LaTeX
Package shellesc Info: Restricted shell escape enabled on input line 69.
)
\csv@file=\read1
\c@csvinputline=\count120
\c@csvrow=\count121
\c@csvcol=\count122
\csv@out=\write4
)
("C:\Program Files\MiKTeX 2.9\tex\latex\tools\longtable.sty"
Package: longtable 2014/10/28 v4.11 Multi-page Table package (DPC)
\LTleft=\skip50
\LTright=\skip51
\LTpre=\skip52
\LTpost=\skip53
\LTchunksize=\count123
\LTcapwidth=\dimen124
\LT@head=\box30
\LT@firsthead=\box31
\LT@foot=\box32
\LT@lastfoot=\box33
\LT@cols=\count124
\LT@rows=\count125
\c@LT@tables=\count126
\c@LT@chunks=\count127
\LT@p@ftn=\toks26
) (Assignment7.aux

LaTeX Warning: Label `lst:getBlogs' multiply defined.


LaTeX Warning: Label `lst:generateMat' multiply defined.


LaTeX Warning: Label `lst:kclust5' multiply defined.


LaTeX Warning: Label `lst:kclust5' multiply defined.


LaTeX Warning: Label `fig:mds' multiply defined.

)
\openout1 = `Assignment7.aux'.

LaTeX Font Info:    Checking defaults for OML/cmm/m/it on input line 23.
LaTeX Font Info:    ... okay on input line 23.
LaTeX Font Info:    Checking defaults for T1/cmr/m/n on input line 23.
LaTeX Font Info:    ... okay on input line 23.
LaTeX Font Info:    Checking defaults for OT1/cmr/m/n on input line 23.
LaTeX Font Info:    ... okay on input line 23.
LaTeX Font Info:    Checking defaults for OMS/cmsy/m/n on input line 23.
LaTeX Font Info:    ... okay on input line 23.
LaTeX Font Info:    Checking defaults for OMX/cmex/m/n on input line 23.
LaTeX Font Info:    ... okay on input line 23.
LaTeX Font Info:    Checking defaults for U/cmr/m/n on input line 23.
LaTeX Font Info:    ... okay on input line 23.
LaTeX Font Info:    Checking defaults for PD1/pdf/m/n on input line 23.
LaTeX Font Info:    ... okay on input line 23.

(\\cifs-ecs.cs.odu.edu\Grad\cmuthyal\win_user_profile\AppData\MiKTeX\2.9\tex\co
ntext\base\supp-pdf.mkii
[Loading MPS to PDF converter (version 2006.09.02).]
\scratchcounter=\count128
\scratchdimen=\dimen125
\scratchbox=\box34
\nofMPsegments=\count129
\nofMParguments=\count130
\everyMPshowfont=\toks27
\MPscratchCnt=\count131
\MPscratchDim=\dimen126
\MPnumerator=\count132
\makeMPintoPDFobject=\count133
\everyMPtoPDFconversion=\toks28
) ("C:\Program Files\MiKTeX 2.9\tex\latex\oberdiek\epstopdf-base.sty"
Package: epstopdf-base 2016/05/15 v2.6 Base part for package epstopdf

("C:\Program Files\MiKTeX 2.9\tex\latex\oberdiek\grfext.sty"
Package: grfext 2016/05/16 v1.2 Manage graphics extensions (HO)
)
Package epstopdf-base Info: Redefining graphics rule for `.eps' on input line 4
38.
Package grfext Info: Graphics extension search list:
(grfext)             [.png,.pdf,.jpg,.mps,.jpeg,.jbig2,.jb2,.PNG,.PDF,.JPG,.JPE
G,.JBIG2,.JB2,.eps]
(grfext)             \AppendGraphicsExtensions on input line 456.
)
\c@lstlisting=\count134
\AtBeginShipoutBox=\box35
Package hyperref Info: Link coloring OFF on input line 23.

("C:\Program Files\MiKTeX 2.9\tex\latex\hyperref\nameref.sty"
Package: nameref 2016/05/21 v2.44 Cross-referencing by name of section

("C:\Program Files\MiKTeX 2.9\tex\generic\oberdiek\gettitlestring.sty"
Package: gettitlestring 2016/05/16 v1.5 Cleanup title references (HO)
)
\c@section@level=\count135
)
LaTeX Info: Redefining \ref on input line 23.
LaTeX Info: Redefining \pageref on input line 23.
LaTeX Info: Redefining \nameref on input line 23.

(Assignment7.out) (Assignment7.out)
\@outlinefile=\write5
\openout5 = `Assignment7.out'.

 [1

{C:/Users/cmuthyal/AppData/Local/MiKTeX/2.9/pdftex/config/pdftex.map}]
Overfull \hbox (36.65945pt too wide) in paragraph at lines 73--73
[]\OT1/cmtt/m/n/10.95 1.  Create a blog-term matrix.  Start by grabbing 100 blo
gs; include:[] 
 []


Overfull \hbox (19.41339pt too wide) in paragraph at lines 73--73
[]\OT1/cmtt/m/n/10.95 and grab 98 more as per the method shown in class.  Note 
that this[] 
 []


Overfull \hbox (13.6647pt too wide) in paragraph at lines 73--73
[]\OT1/cmtt/m/n/10.95 method randomly chooses blogs and each student will separ
ately do[] 
 []


Overfull \hbox (19.41339pt too wide) in paragraph at lines 73--73
[]\OT1/cmtt/m/n/10.95 this process, so it is unlikely that these 98 blogs will 
be shared[] 
 []


Overfull \hbox (13.6647pt too wide) in paragraph at lines 73--73
[]\OT1/cmtt/m/n/10.95 among students.  In other words, no sharing of blog data.
  Upload[] 
 []


Overfull \hbox (7.91602pt too wide) in paragraph at lines 73--73
[]\OT1/cmtt/m/n/10.95 to github your code for grabbing the blogs and provide a 
list of[] 
 []


Overfull \hbox (19.41339pt too wide) in paragraph at lines 73--73
[]\OT1/cmtt/m/n/10.95 Use the blog title as the identifier for each blog (and r
ow of the[] 
 []


Overfull \hbox (19.41339pt too wide) in paragraph at lines 73--73
[]\OT1/cmtt/m/n/10.95 matrix).  Use the terms from every item/title (RSS) or en
try/title[] 
 []


Overfull \hbox (25.16208pt too wide) in paragraph at lines 73--73
[]\OT1/cmtt/m/n/10.95 (Atom) for the columns of the matrix.  The values are the
 frequency[] 
 []


Overfull \hbox (13.6647pt too wide) in paragraph at lines 73--73
[]\OT1/cmtt/m/n/10.95 of occurrence.  Essentially you are replicating the forma
t of the[] 
 []


Overfull \hbox (2.16733pt too wide) in paragraph at lines 73--73
[]\OT1/cmtt/m/n/10.95 "blogdata.txt" file included with the PCI book code.  Lim
it the[] 
 []


Overfull \hbox (19.41339pt too wide) in paragraph at lines 73--73
[]\OT1/cmtt/m/n/10.95 number of terms to the most "popular" (i.e., frequent) 10
00 terms,[] 
 []


Overfull \hbox (25.16208pt too wide) in paragraph at lines 73--73
[]\OT1/cmtt/m/n/10.95 this is *after* the criteria on p. 32 (slide 7) has been 
satisfied.[] 
 []

pdfTeX warning (ext4): destination with the same identifier (name{page.1}) has 
been already used, duplicate ignored
<to be read again> 
                   \relax 
l.75 \clearpage
                [1]
LaTeX Font Info:    Try loading font information for OMS+cmr on input line 82.
 ("C:\Program Files\MiKTeX 2.9\tex\latex\base\omscmr.fd"
File: omscmr.fd 2014/09/29 v2.5h Standard LaTeX font definitions
)
LaTeX Font Info:    Font shape `OMS/cmr/m/n' in size <10.95> not available
(Font)              Font shape `OMS/cmsy/m/n' tried instead on input line 82.

! Misplaced alignment tab character &.
l.85 ...p://www.blogger.com/next-blog?navBar=true&
                                                  blogID=3471633091411211117...

? 
Missing character: There is no ‚ in font cmr10!
Missing character: There is no Ä in font cmr10!
Missing character: There is no ú in font cmr10!
Missing character: There is no ‚ in font cmr10!
Missing character: There is no Ä in font cmr10!
Missing character: There is no ù in font cmr10!

Overfull \hbox (46.76144pt too wide) in paragraph at lines 85--86
\OT1/cmr/m/n/10.95 URL http://www.blogger.com/next-blog?navBar=trueblogID=34716
33091411211117
 []

Missing character: There is no ‚ in font cmbx10!
Missing character: There is no Ä in font cmbx10!
Missing character: There is no ù in font cmbx10!
(getBlogs.py
LaTeX Font Info:    Try loading font information for OML+cmr on input line 7.
 ("C:\Program Files\MiKTeX 2.9\tex\latex\base\omlcmr.fd"
File: omlcmr.fd 2014/09/29 v2.5h Standard LaTeX font definitions
)
LaTeX Font Info:    Font shape `OML/cmr/m/n' in size <9> not available
(Font)              Font shape `OML/cmm/m/it' tried instead on input line 7.
 [2

]
LaTeX Font Info:    Font shape `OMS/cmr/m/n' in size <9> not available
(Font)              Font shape `OMS/cmsy/m/n' tried instead on input line 29.
)

LaTeX Warning: Reference `lst:getFeed' on page 3 undefined on input line 96.


Overfull \hbox (12.78056pt too wide) in paragraph at lines 96--97
\OT1/cmr/bx/n/10.95 feedList.txt \OT1/cmr/m/n/10.95 which was later cleaned for
 any blogs that did not have atom+xml
 []

(getFeed.py [3] [4]) <blogfolder.png, id=129, 1663.71562pt x 1103.62312pt>
File: blogfolder.png Graphic file (type png)

<use blogfolder.png>
Package pdftex.def Info: blogfolder.png used on input line 111.
(pdftex.def)             Requested size: 332.73723pt x 220.72072pt.
 [5 <./blogfolder.png>] (generateFeedVector.py [6])
[7]
Overfull \hbox (13.6647pt too wide) in paragraph at lines 149--149
[]\OT1/cmtt/m/n/10.95 2.  Create an ASCII and JPEG dendrogram that clusters (i.
e., HAC)[] 
 []


Overfull \hbox (13.6647pt too wide) in paragraph at lines 149--149
[]\OT1/cmtt/m/n/10.95 the most similar blogs (see slides 12 & 13).  Include the
 JPEG in[] 
 []


Overfull \hbox (2.16733pt too wide) in paragraph at lines 149--149
[]\OT1/cmtt/m/n/10.95 your report and upload the ascii file to github (it will 
be too[] 
 []


LaTeX Warning: Reference `lst:createClusters' on page 8 undefined on input line
 153.

(ASCIIAndJPEGDendrogram.py) [8

] <Dendrogram.jpg, id=278, 1204.5pt x 2007.5pt>
File: Dendrogram.jpg Graphic file (type jpg)

<use Dendrogram.jpg>
Package pdftex.def Info: Dendrogram.jpg used on input line 170.
(pdftex.def)             Requested size: 313.16261pt x 521.9377pt.


LaTeX Warning: Float too large for page by 6.26663pt on input line 173.


LaTeX Warning: `h' float specifier changed to `ht'.

<AsciiTreeStructure.png, id=279, 2059.695pt x 1227.08438pt>
File: AsciiTreeStructure.png Graphic file (type png)

<use AsciiTreeStructure.png>
Package pdftex.def Info: AsciiTreeStructure.png used on input line 177.
(pdftex.def)             Requested size: 535.50807pt x 319.03441pt.

Overfull \hbox (175.50807pt too wide) in paragraph at lines 177--178
 [][] 
 []


LaTeX Warning: `h' float specifier changed to `ht'.

! Undefined control sequence.
<argument> \lst@inputpath \srcPath 
                                   /createClusters.py
l.182 ...footnotesize]{\srcPath/createClusters.py}
                                                  
? 
! Undefined control sequence.
<argument> \srcPath 
                    
l.182 ...footnotesize]{\srcPath/createClusters.py}
                                                  
? 

! Package Listings Error: File `/createClusters(.py)' not found.

Type X to quit or <RETURN> to proceed,
or enter new name. (Default extension: py)

Enter file name: 
[9] [10 <./Dendrogram.jpg>] [11 <./AsciiTreeStructure.png>]
Overfull \hbox (7.91602pt too wide) in paragraph at lines 198--198
[]\OT1/cmtt/m/n/10.95 3.  Cluster the blogs using K-Means, using k=5,10,20. (se
e slide[] 
 []


Overfull \hbox (19.41339pt too wide) in paragraph at lines 198--198
[]\OT1/cmtt/m/n/10.95 18).  Print the values in each centroid, for each value o
f k.  How[] 
 []

(kMean.py [12

]) (kclust_5.txt [13]
Missing character: There is no Œ in font cmr9!
Missing character: There is no ú in font cmr9!
Missing character: There is no Œ in font cmr9!
Missing character: There is no ï in font cmr9!
Missing character: There is no Œ in font cmr9!
Missing character: There is no £ in font cmr9!
Missing character: There is no Œ in font cmr9!
Missing character: There is no ë in font cmr9!
Missing character: There is no Œ in font cmr9!
Missing character: There is no £ in font cmr9!
Missing character: There is no Œ in font cmr9!
Missing character: There is no § in font cmr9!
Missing character: There is no Œ in font cmr9!
Missing character: There is no ó in font cmr9!
Missing character: There is no Œ in font cmr9!
Missing character: There is no í in font cmr9!
Missing character: There is no Œ in font cmr9!
Missing character: There is no ° in font cmr9!
Missing character: There is no Œ in font cmr9!
Missing character: There is no © in font cmr9!
Missing character: There is no Œ in font cmr9!
Missing character: There is no ú in font cmr9!
Missing character: There is no Œ in font cmr9!
Missing character: There is no ô in font cmr9!
Missing character: There is no Œ in font cmr9!
Missing character: There is no ë in font cmr9!
 [14]
Missing character: There is no √ in font cmr9!
Missing character: There is no ∫ in font cmr9!
Missing character: There is no √ in font cmr9!
Missing character: There is no ≠ in font cmr9!
Missing character: There is no Œ in font cmr9!
Missing character: There is no î in font cmr9!
Missing character: There is no Œ in font cmr9!
Missing character: There is no Ø in font cmr9!
Missing character: There is no œ in font cmr9!
Missing character: There is no É in font cmr9!
Missing character: There is no Œ in font cmr9!
Missing character: There is no ∫ in font cmr9!
Missing character: There is no Œ in font cmr9!
Missing character: There is no ø in font cmr9!
Missing character: There is no Œ in font cmr9!
Missing character: There is no π in font cmr9!
Missing character: There is no Œ in font cmr9!
Missing character: There is no ú in font cmr9!
Missing character: There is no Œ in font cmr9!
Missing character: There is no ø in font cmr9!
Missing character: There is no œ in font cmr9!
Missing character: There is no Ö in font cmr9!
Missing character: There is no œ in font cmr9!
Missing character: There is no É in font cmr9!
Missing character: There is no Œ in font cmr9!
Missing character: There is no π in font cmr9!
Missing character: There is no Œ in font cmr9!
Missing character: There is no ∫ in font cmr9!
Missing character: There is no Œ in font cmr9!
Missing character: There is no Æ in font cmr9!
Missing character: There is no œ in font cmr9!
Missing character: There is no Ç in font cmr9!
Missing character: There is no œ in font cmr9!
Missing character: There is no É in font cmr9!
Missing character: There is no œ in font cmr9!
Missing character: There is no Ñ in font cmr9!
Missing character: There is no Œ in font cmr9!
Missing character: There is no ø in font cmr9!
Missing character: There is no Œ in font cmr9!
Missing character: There is no ß in font cmr9!
Missing character: There is no œ in font cmr9!
Missing character: There is no Å in font cmr9!
Missing character: There is no œ in font cmr9!
Missing character: There is no å in font cmr9!
Missing character: There is no Œ in font cmr9!
Missing character: There is no Ω in font cmr9!
Missing character: There is no Œ in font cmr9!
Missing character: There is no ø in font cmr9!
) (kclust_10.txt [15] [16]
Missing character: There is no Œ in font cmr9!
Missing character: There is no ú in font cmr9!
Missing character: There is no Œ in font cmr9!
Missing character: There is no ï in font cmr9!
Missing character: There is no Œ in font cmr9!
Missing character: There is no £ in font cmr9!
Missing character: There is no Œ in font cmr9!
Missing character: There is no ë in font cmr9!
Missing character: There is no Œ in font cmr9!
Missing character: There is no £ in font cmr9!
Missing character: There is no Œ in font cmr9!
Missing character: There is no § in font cmr9!
Missing character: There is no Œ in font cmr9!
Missing character: There is no ó in font cmr9!
Missing character: There is no Œ in font cmr9!
Missing character: There is no í in font cmr9!
Missing character: There is no Œ in font cmr9!
Missing character: There is no ° in font cmr9!
Missing character: There is no Œ in font cmr9!
Missing character: There is no © in font cmr9!
Missing character: There is no Œ in font cmr9!
Missing character: There is no ú in font cmr9!
Missing character: There is no Œ in font cmr9!
Missing character: There is no ô in font cmr9!
Missing character: There is no Œ in font cmr9!
Missing character: There is no ë in font cmr9!
Missing character: There is no √ in font cmr9!
Missing character: There is no ∫ in font cmr9!
Missing character: There is no √ in font cmr9!
Missing character: There is no ≠ in font cmr9!
 [17]
Missing character: There is no Œ in font cmr9!
Missing character: There is no î in font cmr9!
Missing character: There is no Œ in font cmr9!
Missing character: There is no Ø in font cmr9!
Missing character: There is no œ in font cmr9!
Missing character: There is no É in font cmr9!
Missing character: There is no Œ in font cmr9!
Missing character: There is no ∫ in font cmr9!
Missing character: There is no Œ in font cmr9!
Missing character: There is no ø in font cmr9!
Missing character: There is no Œ in font cmr9!
Missing character: There is no π in font cmr9!
Missing character: There is no Œ in font cmr9!
Missing character: There is no ú in font cmr9!
Missing character: There is no Œ in font cmr9!
Missing character: There is no ø in font cmr9!
Missing character: There is no œ in font cmr9!
Missing character: There is no Ö in font cmr9!
Missing character: There is no œ in font cmr9!
Missing character: There is no É in font cmr9!
Missing character: There is no Œ in font cmr9!
Missing character: There is no π in font cmr9!
Missing character: There is no Œ in font cmr9!
Missing character: There is no ∫ in font cmr9!
Missing character: There is no Œ in font cmr9!
Missing character: There is no Æ in font cmr9!
Missing character: There is no œ in font cmr9!
Missing character: There is no Ç in font cmr9!
Missing character: There is no œ in font cmr9!
Missing character: There is no É in font cmr9!
Missing character: There is no œ in font cmr9!
Missing character: There is no Ñ in font cmr9!
Missing character: There is no Œ in font cmr9!
Missing character: There is no ø in font cmr9!
Missing character: There is no Œ in font cmr9!
Missing character: There is no ß in font cmr9!
Missing character: There is no œ in font cmr9!
Missing character: There is no Å in font cmr9!
Missing character: There is no œ in font cmr9!
Missing character: There is no å in font cmr9!
Missing character: There is no Œ in font cmr9!
Missing character: There is no Ω in font cmr9!
Missing character: There is no Œ in font cmr9!
Missing character: There is no ø in font cmr9!
)

! Package Listings Error: File `/kclust_20(.txt)' not found.

Type X to quit or <RETURN> to proceed,
or enter new name. (Default extension: txt)

Enter file name: 
[18]
Overfull \hbox (30.91077pt too wide) in paragraph at lines 227--227
[]\OT1/cmtt/m/n/10.95 4.  Use MDS to create a JPEG of the blogs similar to slid
e 29 of the[] 
 []

(mds.py) <mds.jpg, id=609, 2007.5pt x 2007.5pt>
File: mds.jpg Graphic file (type jpg)
 <use mds.jpg>
Package pdftex.def Info: mds.jpg used on input line 238.
(pdftex.def)             Requested size: 401.49289pt x 401.49289pt.

Overfull \hbox (41.49289pt too wide) in paragraph at lines 238--239
 [][] 
 []


LaTeX Warning: `h' float specifier changed to `ht'.

[19

] [20 <./mds.jpg>]
Overfull \hbox (25.16208pt too wide) in paragraph at lines 270--270
[]\OT1/cmtt/m/n/10.95 5.  Re-run question 2, but this time with proper TFIDF ca
lculations[] 
 []


Overfull \hbox (30.91077pt too wide) in paragraph at lines 270--270
[]\OT1/cmtt/m/n/10.95 instead of the hack discussed on slide 7 (p. 32).  Use th
e same 1000[] 
 []


Overfull \hbox (30.91077pt too wide) in paragraph at lines 270--270
[]\OT1/cmtt/m/n/10.95 words, but this time replace their frequency count with T
FIDF scores[] 
 []


Overfull \hbox (19.41339pt too wide) in paragraph at lines 270--270
[]\OT1/cmtt/m/n/10.95 methods, etc. used to generate these TFIDF values.  Uploa
d the new[] 
 []


Overfull \hbox (13.6647pt too wide) in paragraph at lines 270--270
[]\OT1/cmtt/m/n/10.95 Compare and contrast the resulting dendrogram with the de
ndrogram[] 
 []


Overfull \hbox (13.6647pt too wide) in paragraph at lines 270--270
[]\OT1/cmtt/m/n/10.95 Note: ideally you would not reuse the same 1000 terms and
 instead[] 
 []


Overfull \hbox (25.16208pt too wide) in paragraph at lines 270--270
[]\OT1/cmtt/m/n/10.95 come up with TFIDF scores for all the terms and then choo
se the top[] 
 []


Overfull \hbox (2.16733pt too wide) in paragraph at lines 270--270
[]\OT1/cmtt/m/n/10.95 1000 from that list, but I'm trying to limit the amount o
f work[] 
 []

[21

]
Overfull \hbox (2.16733pt too wide) in paragraph at lines 302--302
[]\OT1/cmtt/m/n/10.95 6.  Re-run questions 1-4, but this time instead of using 
the 98[] 
 []


Overfull \hbox (13.6647pt too wide) in paragraph at lines 302--302
[]\OT1/cmtt/m/n/10.95 Choose approximately equal numbers for both blog sets (it
 doesn't[] 
 []


Overfull \hbox (2.16733pt too wide) in paragraph at lines 302--302
[]\OT1/cmtt/m/n/10.95 Compare and contrast the results from the 98 "random" blo
gs and[] 
 []

[22

]
Underfull \hbox (badness 10000) in paragraph at lines 320--321
[][]$\OT1/cmtt/m/n/10.95 https : / / github . com / cmuth001 / anwala . github 
. io / tree / master /
 []


Underfull \hbox (badness 1496) in paragraph at lines 326--327
\OT1/cmr/m/n/10.95 Web. 6 April 2017. []$\OT1/cmtt/m/n/10.95 https : / / github
 . com / arthur -[] e / Programming -[]
 []

Package atveryend Info: Empty hook `BeforeClearDocument' on input line 329.
[23

]
Package atveryend Info: Empty hook `AfterLastShipout' on input line 329.
 (Assignment7.aux)
Package atveryend Info: Executing hook `AtVeryEndDocument' on input line 329.
Package atveryend Info: Executing hook `AtEndAfterFileList' on input line 329.
Package rerunfilecheck Info: File `Assignment7.out' has not changed.
(rerunfilecheck)             Checksum: D41D8CD98F00B204E9800998ECF8427E;0.


LaTeX Warning: There were undefined references.


LaTeX Warning: There were multiply-defined labels.

Package atveryend Info: Empty hook `AtVeryVeryEnd' on input line 329.
 ) 
Here is how much of TeX's memory you used:
 9479 strings out of 493335
 147710 string characters out of 3139251
 370862 words of memory out of 3000000
 12326 multiletter control sequences out of 15000+200000
 10748 words of font info for 39 fonts, out of 3000000 for 9000
 1141 hyphenation exceptions out of 8191
 41i,7n,46p,1013b,1721s stack positions out of 5000i,500n,10000p,200000b,50000s
<C:/Program Files/MiKTeX 2.9/fonts/type1/public/amsfonts/cm/cmbx10.pfb><C:/Pr
ogram Files/MiKTeX 2.9/fonts/type1/public/amsfonts/cm/cmbx12.pfb><C:/Program Fi
les/MiKTeX 2.9/fonts/type1/public/amsfonts/cm/cmmi9.pfb><C:/Program Files/MiKTe
X 2.9/fonts/type1/public/amsfonts/cm/cmr10.pfb><C:/Program Files/MiKTeX 2.9/fon
ts/type1/public/amsfonts/cm/cmr12.pfb><C:/Program Files/MiKTeX 2.9/fonts/type1/
public/amsfonts/cm/cmr17.pfb><C:/Program Files/MiKTeX 2.9/fonts/type1/public/am
sfonts/cm/cmr9.pfb><C:/Program Files/MiKTeX 2.9/fonts/type1/public/amsfonts/cm/
cmsy10.pfb><C:/Program Files/MiKTeX 2.9/fonts/type1/public/amsfonts/cm/cmsy9.pf
b><C:/Program Files/MiKTeX 2.9/fonts/type1/public/amsfonts/cm/cmti10.pfb><C:/Pr
ogram Files/MiKTeX 2.9/fonts/type1/public/amsfonts/cm/cmtt10.pfb>
Output written on Assignment7.pdf (24 pages, 1367954 bytes).
PDF statistics:
 808 PDF objects out of 1000 (max. 8388607)
 546 named destinations out of 1000 (max. 500000)
 21 words of extra memory for PDF output out of 10000 (max. 10000000)

